<?xml version="1.0" encoding="UTF-8"?>
<!-- Generated by org.testng.reporters.JUnitReportReporter -->
<testsuite hostname="LAPTOP-6251B6GC" failures="0" tests="4" name="org.flipkart.com.TestCase1" time="10.766" errors="0" timestamp="2024-05-05T00:56:16 IST" skipped="0">
  <testcase classname="org.flipkart.com.TestCase1" name="setUp" time="1.588"/>
  <system-out/>
  <testcase classname="org.flipkart.com.TestCase1" name="Login" time="1.926"/>
  <system-out/>
  <testcase classname="org.flipkart.com.TestCase1" name="SearchText" time="0.380"/>
  <system-out/>
  <testcase classname="org.flipkart.com.TestCase1" name="tearDown" time="6.872"/>
  <system-out/>
</testsuite> <!-- org.flipkart.com.TestCase1 -->
