<?xml version="1.0" encoding="UTF-8"?>
<!-- Generated by org.testng.reporters.JUnitReportReporter -->
<testsuite hostname="LAPTOP-6251B6GC" failures="0" tests="4" name="org.flipkart.com.TestCase1" time="11.610" errors="0" timestamp="2024-05-05T23:29:02 IST" skipped="0">
  <testcase classname="org.flipkart.com.TestCase1" name="setUp" time="1.769"/>
  <testcase classname="org.flipkart.com.TestCase1" name="Login" time="4.119"/>
  <testcase classname="org.flipkart.com.TestCase1" name="SearchText" time="0.453"/>
  <testcase classname="org.flipkart.com.TestCase1" name="tearDown" time="5.269"/>
</testsuite> <!-- org.flipkart.com.TestCase1 -->
